14:45:03.730 [restartedMain] INFO  c.j.p.PlendarApplication - Starting PlendarApplication using Java 11.0.14 on DESKTOP-O62SV4A with PID 14292 (C:\Users\청출어람_PC09\Desktop\project\plendar\backend\target\classes started by 청출어람_PC09 in C:\Users\청출어람_PC09\Desktop\project\plendar\backend)
14:45:03.731 [restartedMain] INFO  c.j.p.PlendarApplication - No active profile set, falling back to default profiles: default
14:45:03.767 [restartedMain] INFO  o.s.b.d.e.DevToolsPropertyDefaultsPostProcessor - Devtools property defaults active! Set 'spring.devtools.add-properties' to 'false' to disable
14:45:03.767 [restartedMain] INFO  o.s.b.d.e.DevToolsPropertyDefaultsPostProcessor - For additional web related logging consider setting the 'logging.level.web' property to 'DEBUG'
14:45:04.443 [restartedMain] WARN  o.m.s.m.ClassPathMapperScanner - No MyBatis mapper was found in '[com.jeonwoojo.plendar]' package. Please check your configuration.
14:45:04.564 [restartedMain] INFO  c.u.j.c.EnableEncryptablePropertiesBeanFactoryPostProcessor - Post-processing PropertySource instances
14:45:04.565 [restartedMain] INFO  c.u.j.EncryptablePropertySourceConverter - Skipping PropertySource configurationProperties [class org.springframework.boot.context.properties.source.ConfigurationPropertySourcesPropertySource
14:45:04.566 [restartedMain] INFO  c.u.j.EncryptablePropertySourceConverter - Skipping PropertySource servletConfigInitParams [class org.springframework.core.env.PropertySource$StubPropertySource
14:45:04.566 [restartedMain] INFO  c.u.j.EncryptablePropertySourceConverter - Skipping PropertySource servletContextInitParams [class org.springframework.core.env.PropertySource$StubPropertySource
14:45:04.566 [restartedMain] INFO  c.u.j.EncryptablePropertySourceConverter - Converting PropertySource systemProperties [org.springframework.core.env.PropertiesPropertySource] to EncryptableMapPropertySourceWrapper
14:45:04.567 [restartedMain] INFO  c.u.j.EncryptablePropertySourceConverter - Converting PropertySource systemEnvironment [org.springframework.boot.env.SystemEnvironmentPropertySourceEnvironmentPostProcessor$OriginAwareSystemEnvironmentPropertySource] to EncryptableSystemEnvironmentPropertySourceWrapper
14:45:04.567 [restartedMain] INFO  c.u.j.EncryptablePropertySourceConverter - Converting PropertySource random [org.springframework.boot.env.RandomValuePropertySource] to EncryptablePropertySourceWrapper
14:45:04.567 [restartedMain] INFO  c.u.j.EncryptablePropertySourceConverter - Converting PropertySource Config resource 'class path resource [application.yml]' via location 'optional:classpath:/' (document #0) [org.springframework.boot.env.OriginTrackedMapPropertySource] to EncryptableMapPropertySourceWrapper
14:45:04.567 [restartedMain] INFO  c.u.j.EncryptablePropertySourceConverter - Converting PropertySource devtools [org.springframework.core.env.MapPropertySource] to EncryptableMapPropertySourceWrapper
14:45:04.766 [restartedMain] INFO  c.u.j.f.DefaultLazyPropertyFilter - Property Filter custom Bean not found with name 'encryptablePropertyFilter'. Initializing Default Property Filter
14:45:04.773 [restartedMain] INFO  c.u.j.r.DefaultLazyPropertyResolver - Property Resolver custom Bean not found with name 'encryptablePropertyResolver'. Initializing Default Property Resolver
14:45:04.775 [restartedMain] INFO  c.u.j.d.DefaultLazyPropertyDetector - Property Detector custom Bean not found with name 'encryptablePropertyDetector'. Initializing Default Property Detector
14:45:05.063 [restartedMain] INFO  o.s.b.w.e.t.TomcatWebServer - Tomcat initialized with port(s): 8080 (http)
14:45:05.072 [restartedMain] INFO  o.a.c.c.StandardService - Starting service [Tomcat]
14:45:05.073 [restartedMain] INFO  o.a.c.c.StandardEngine - Starting Servlet engine: [Apache Tomcat/9.0.56]
14:45:05.269 [restartedMain] INFO  o.a.j.s.TldScanner - At least one JAR was scanned for TLDs yet contained no TLDs. Enable debug logging for this logger for a complete list of JARs that were scanned but no TLDs were found in them. Skipping unneeded JARs during scanning can improve startup time and JSP compilation time.
14:45:05.277 [restartedMain] INFO  o.a.c.c.C.[.[.[/] - Initializing Spring embedded WebApplicationContext
14:45:05.278 [restartedMain] INFO  o.s.b.w.s.c.ServletWebServerApplicationContext - Root WebApplicationContext: initialization completed in 1511 ms
14:45:05.351 [restartedMain] INFO  c.u.j.e.DefaultLazyEncryptor - Found Custom Encryptor Bean org.jasypt.encryption.pbe.PooledPBEStringEncryptor@6b408bc1 with name: jasyptStringEncryptor
14:45:05.860 [restartedMain] INFO  o.s.s.w.DefaultSecurityFilterChain - Will secure any request with [org.springframework.security.web.context.request.async.WebAsyncManagerIntegrationFilter@160fcb1b, org.springframework.security.web.context.SecurityContextPersistenceFilter@5a6b0cf9, org.springframework.security.web.header.HeaderWriterFilter@2bbd0266, org.springframework.web.filter.CorsFilter@31c7b6b6, org.springframework.security.web.authentication.logout.LogoutFilter@23e7fdbf, com.jeonwoojo.plendar.auth.JwtAuthenticationFilter@66ea8991, com.jeonwoojo.plendar.auth.JwtAuthorizationFilter@3cf19f4d, org.springframework.security.web.savedrequest.RequestCacheAwareFilter@14c8db76, org.springframework.security.web.servletapi.SecurityContextHolderAwareRequestFilter@5d6ed736, org.springframework.security.web.authentication.AnonymousAuthenticationFilter@428fc999, org.springframework.security.web.session.SessionManagementFilter@2d25f863, org.springframework.security.web.access.ExceptionTranslationFilter@48744d5b, org.springframework.security.web.access.intercept.FilterSecurityInterceptor@4be6c444]
14:45:06.052 [restartedMain] INFO  o.s.b.a.w.s.WelcomePageHandlerMapping - Adding welcome page template: index
14:45:06.115 [restartedMain] WARN  o.t.t.TemplateMode - [THYMELEAF][restartedMain] Template Mode 'HTML5' is deprecated. Using Template Mode 'HTML' instead.
14:45:06.329 [restartedMain] INFO  o.s.b.d.a.OptionalLiveReloadServer - LiveReload server is running on port 35729
14:45:06.371 [restartedMain] INFO  o.s.b.w.e.t.TomcatWebServer - Tomcat started on port(s): 8080 (http) with context path ''
14:45:06.372 [restartedMain] INFO  c.u.j.c.RefreshScopeRefreshedEventListener - Refreshing cached encryptable property sources on ServletWebServerInitializedEvent
14:45:06.373 [restartedMain] INFO  c.u.j.c.CachingDelegateEncryptablePropertySource - Property Source systemProperties refreshed
14:45:06.373 [restartedMain] INFO  c.u.j.c.CachingDelegateEncryptablePropertySource - Property Source systemEnvironment refreshed
14:45:06.373 [restartedMain] INFO  c.u.j.c.CachingDelegateEncryptablePropertySource - Property Source random refreshed
14:45:06.373 [restartedMain] INFO  c.u.j.c.CachingDelegateEncryptablePropertySource - Property Source Config resource 'class path resource [application.yml]' via location 'optional:classpath:/' (document #0) refreshed
14:45:06.373 [restartedMain] INFO  c.u.j.c.CachingDelegateEncryptablePropertySource - Property Source devtools refreshed
14:45:06.373 [restartedMain] INFO  c.u.j.EncryptablePropertySourceConverter - Converting PropertySource server.ports [org.springframework.core.env.MapPropertySource] to EncryptableMapPropertySourceWrapper
14:45:06.373 [restartedMain] INFO  c.u.j.EncryptablePropertySourceConverter - Skipping PropertySource configurationProperties [class org.springframework.boot.context.properties.source.ConfigurationPropertySourcesPropertySource
14:45:06.373 [restartedMain] INFO  c.u.j.EncryptablePropertySourceConverter - Skipping PropertySource servletConfigInitParams [class org.springframework.core.env.PropertySource$StubPropertySource
14:45:06.373 [restartedMain] INFO  c.u.j.EncryptablePropertySourceConverter - Converting PropertySource servletContextInitParams [org.springframework.web.context.support.ServletContextPropertySource] to EncryptableEnumerablePropertySourceWrapper
14:45:06.373 [restartedMain] INFO  o.s.m.s.b.SimpleBrokerMessageHandler - Starting...
14:45:06.373 [restartedMain] INFO  o.s.m.s.b.SimpleBrokerMessageHandler - BrokerAvailabilityEvent[available=true, SimpleBrokerMessageHandler [org.springframework.messaging.simp.broker.DefaultSubscriptionRegistry@3e1c37df]]
14:45:06.374 [restartedMain] INFO  o.s.m.s.b.SimpleBrokerMessageHandler - Started.
14:45:06.381 [restartedMain] INFO  c.j.p.PlendarApplication - Started PlendarApplication in 2.996 seconds (JVM running for 3.405)
14:46:05.918 [MessageBroker-1] INFO  o.s.w.s.c.WebSocketMessageBrokerStats - WebSocketSession[0 current WS(0)-HttpStream(0)-HttpPoll(0), 0 total, 0 closed abnormally (0 connect failure, 0 send limit, 0 transport error)], stompSubProtocol[processed CONNECT(0)-CONNECTED(0)-DISCONNECT(0)], stompBrokerRelay[null], inboundChannel[pool size = 0, active threads = 0, queued tasks = 0, completed tasks = 0], outboundChannel[pool size = 0, active threads = 0, queued tasks = 0, completed tasks = 0], sockJsScheduler[pool size = 1, active threads = 1, queued tasks = 0, completed tasks = 0]
14:46:25.104 [http-nio-8080-exec-1] INFO  o.a.c.c.C.[.[.[/] - Initializing Spring DispatcherServlet 'dispatcherServlet'
14:46:25.105 [http-nio-8080-exec-1] INFO  o.s.w.s.DispatcherServlet - Initializing Servlet 'dispatcherServlet'
14:46:25.105 [http-nio-8080-exec-1] INFO  o.s.w.s.DispatcherServlet - Completed initialization in 0 ms
14:46:26.292 [http-nio-8080-exec-2] INFO  c.z.h.HikariDataSource - HikariPool-1 - Starting...
14:46:26.395 [http-nio-8080-exec-2] INFO  c.z.h.HikariDataSource - HikariPool-1 - Start completed.
15:16:05.933 [MessageBroker-1] INFO  o.s.w.s.c.WebSocketMessageBrokerStats - WebSocketSession[0 current WS(0)-HttpStream(0)-HttpPoll(0), 0 total, 0 closed abnormally (0 connect failure, 0 send limit, 0 transport error)], stompSubProtocol[processed CONNECT(0)-CONNECTED(0)-DISCONNECT(0)], stompBrokerRelay[null], inboundChannel[pool size = 0, active threads = 0, queued tasks = 0, completed tasks = 0], outboundChannel[pool size = 0, active threads = 0, queued tasks = 0, completed tasks = 0], sockJsScheduler[pool size = 2, active threads = 1, queued tasks = 0, completed tasks = 1]
15:46:05.938 [MessageBroker-2] INFO  o.s.w.s.c.WebSocketMessageBrokerStats - WebSocketSession[0 current WS(0)-HttpStream(0)-HttpPoll(0), 0 total, 0 closed abnormally (0 connect failure, 0 send limit, 0 transport error)], stompSubProtocol[processed CONNECT(0)-CONNECTED(0)-DISCONNECT(0)], stompBrokerRelay[null], inboundChannel[pool size = 0, active threads = 0, queued tasks = 0, completed tasks = 0], outboundChannel[pool size = 0, active threads = 0, queued tasks = 0, completed tasks = 0], sockJsScheduler[pool size = 3, active threads = 1, queued tasks = 0, completed tasks = 2]
16:00:50.855 [Thread-5] INFO  o.s.m.s.b.SimpleBrokerMessageHandler - Stopping...
16:00:50.855 [Thread-5] INFO  o.s.m.s.b.SimpleBrokerMessageHandler - BrokerAvailabilityEvent[available=false, SimpleBrokerMessageHandler [org.springframework.messaging.simp.broker.DefaultSubscriptionRegistry@3e1c37df]]
16:00:50.855 [Thread-5] INFO  o.s.m.s.b.SimpleBrokerMessageHandler - Stopped.
16:00:50.903 [Thread-5] INFO  c.z.h.HikariDataSource - HikariPool-1 - Shutdown initiated...
16:00:50.999 [Thread-5] INFO  c.z.h.HikariDataSource - HikariPool-1 - Shutdown completed.
16:00:51.088 [restartedMain] INFO  c.j.p.PlendarApplication - Starting PlendarApplication using Java 11.0.14 on DESKTOP-O62SV4A with PID 14292 (C:\Users\청출어람_PC09\Desktop\project\plendar\backend\target\classes started by 청출어람_PC09 in C:\Users\청출어람_PC09\Desktop\project\plendar\backend)
16:00:51.089 [restartedMain] INFO  c.j.p.PlendarApplication - No active profile set, falling back to default profiles: default
16:00:51.326 [restartedMain] WARN  o.m.s.m.ClassPathMapperScanner - No MyBatis mapper was found in '[com.jeonwoojo.plendar]' package. Please check your configuration.
16:00:51.343 [restartedMain] INFO  c.u.j.c.EnableEncryptablePropertiesBeanFactoryPostProcessor - Post-processing PropertySource instances
16:00:51.343 [restartedMain] INFO  c.u.j.EncryptablePropertySourceConverter - Skipping PropertySource configurationProperties [class org.springframework.boot.context.properties.source.ConfigurationPropertySourcesPropertySource
16:00:51.343 [restartedMain] INFO  c.u.j.EncryptablePropertySourceConverter - Skipping PropertySource servletConfigInitParams [class org.springframework.core.env.PropertySource$StubPropertySource
16:00:51.343 [restartedMain] INFO  c.u.j.EncryptablePropertySourceConverter - Skipping PropertySource servletContextInitParams [class org.springframework.core.env.PropertySource$StubPropertySource
16:00:51.343 [restartedMain] INFO  c.u.j.EncryptablePropertySourceConverter - Converting PropertySource systemProperties [org.springframework.core.env.PropertiesPropertySource] to EncryptableMapPropertySourceWrapper
16:00:51.344 [restartedMain] INFO  c.u.j.EncryptablePropertySourceConverter - Converting PropertySource systemEnvironment [org.springframework.boot.env.SystemEnvironmentPropertySourceEnvironmentPostProcessor$OriginAwareSystemEnvironmentPropertySource] to EncryptableSystemEnvironmentPropertySourceWrapper
16:00:51.344 [restartedMain] INFO  c.u.j.EncryptablePropertySourceConverter - Converting PropertySource random [org.springframework.boot.env.RandomValuePropertySource] to EncryptablePropertySourceWrapper
16:00:51.344 [restartedMain] INFO  c.u.j.EncryptablePropertySourceConverter - Converting PropertySource Config resource 'class path resource [application.yml]' via location 'optional:classpath:/' (document #0) [org.springframework.boot.env.OriginTrackedMapPropertySource] to EncryptableMapPropertySourceWrapper
16:00:51.344 [restartedMain] INFO  c.u.j.EncryptablePropertySourceConverter - Converting PropertySource devtools [org.springframework.core.env.MapPropertySource] to EncryptableMapPropertySourceWrapper
16:00:51.358 [restartedMain] INFO  c.u.j.f.DefaultLazyPropertyFilter - Property Filter custom Bean not found with name 'encryptablePropertyFilter'. Initializing Default Property Filter
16:00:51.360 [restartedMain] INFO  c.u.j.r.DefaultLazyPropertyResolver - Property Resolver custom Bean not found with name 'encryptablePropertyResolver'. Initializing Default Property Resolver
16:00:51.361 [restartedMain] INFO  c.u.j.d.DefaultLazyPropertyDetector - Property Detector custom Bean not found with name 'encryptablePropertyDetector'. Initializing Default Property Detector
16:00:51.388 [restartedMain] INFO  o.s.b.w.e.t.TomcatWebServer - Tomcat initialized with port(s): 8080 (http)
16:00:51.388 [restartedMain] INFO  o.a.c.c.StandardService - Starting service [Tomcat]
16:00:51.388 [restartedMain] INFO  o.a.c.c.StandardEngine - Starting Servlet engine: [Apache Tomcat/9.0.56]
16:00:51.455 [restartedMain] INFO  o.a.j.s.TldScanner - At least one JAR was scanned for TLDs yet contained no TLDs. Enable debug logging for this logger for a complete list of JARs that were scanned but no TLDs were found in them. Skipping unneeded JARs during scanning can improve startup time and JSP compilation time.
16:00:51.457 [restartedMain] INFO  o.a.c.c.C.[.[.[/] - Initializing Spring embedded WebApplicationContext
16:00:51.457 [restartedMain] INFO  o.s.b.w.s.c.ServletWebServerApplicationContext - Root WebApplicationContext: initialization completed in 366 ms
16:00:51.475 [restartedMain] INFO  c.u.j.e.DefaultLazyEncryptor - Found Custom Encryptor Bean org.jasypt.encryption.pbe.PooledPBEStringEncryptor@5dc57dd4 with name: jasyptStringEncryptor
16:00:51.620 [restartedMain] INFO  o.s.s.w.DefaultSecurityFilterChain - Will secure any request with [org.springframework.security.web.context.request.async.WebAsyncManagerIntegrationFilter@6f592aa3, org.springframework.security.web.context.SecurityContextPersistenceFilter@16fae42f, org.springframework.security.web.header.HeaderWriterFilter@5169e2d8, org.springframework.web.filter.CorsFilter@4a15ca6a, org.springframework.security.web.authentication.logout.LogoutFilter@ebb8aa6, com.jeonwoojo.plendar.auth.JwtAuthenticationFilter@fe99a5, com.jeonwoojo.plendar.auth.JwtAuthorizationFilter@2900b9ea, org.springframework.security.web.savedrequest.RequestCacheAwareFilter@780a9b2f, org.springframework.security.web.servletapi.SecurityContextHolderAwareRequestFilter@66ebc9d4, org.springframework.security.web.authentication.AnonymousAuthenticationFilter@264d8f0d, org.springframework.security.web.session.SessionManagementFilter@10f7328a, org.springframework.security.web.access.ExceptionTranslationFilter@5687033c, org.springframework.security.web.access.intercept.FilterSecurityInterceptor@714fc1b6]
16:00:51.663 [restartedMain] INFO  o.s.b.a.w.s.WelcomePageHandlerMapping - Adding welcome page template: index
16:00:51.677 [restartedMain] WARN  o.t.t.TemplateMode - [THYMELEAF][restartedMain] Template Mode 'HTML5' is deprecated. Using Template Mode 'HTML' instead.
16:00:51.705 [restartedMain] INFO  o.s.b.d.a.OptionalLiveReloadServer - LiveReload server is running on port 35729
16:00:51.710 [restartedMain] INFO  o.s.b.w.e.t.TomcatWebServer - Tomcat started on port(s): 8080 (http) with context path ''
16:00:51.711 [restartedMain] INFO  c.u.j.c.RefreshScopeRefreshedEventListener - Refreshing cached encryptable property sources on ServletWebServerInitializedEvent
16:00:51.711 [restartedMain] INFO  c.u.j.c.CachingDelegateEncryptablePropertySource - Property Source systemProperties refreshed
16:00:51.711 [restartedMain] INFO  c.u.j.c.CachingDelegateEncryptablePropertySource - Property Source systemEnvironment refreshed
16:00:51.711 [restartedMain] INFO  c.u.j.c.CachingDelegateEncryptablePropertySource - Property Source random refreshed
16:00:51.711 [restartedMain] INFO  c.u.j.c.CachingDelegateEncryptablePropertySource - Property Source Config resource 'class path resource [application.yml]' via location 'optional:classpath:/' (document #0) refreshed
16:00:51.711 [restartedMain] INFO  c.u.j.c.CachingDelegateEncryptablePropertySource - Property Source devtools refreshed
16:00:51.711 [restartedMain] INFO  c.u.j.EncryptablePropertySourceConverter - Converting PropertySource server.ports [org.springframework.core.env.MapPropertySource] to EncryptableMapPropertySourceWrapper
16:00:51.711 [restartedMain] INFO  c.u.j.EncryptablePropertySourceConverter - Skipping PropertySource configurationProperties [class org.springframework.boot.context.properties.source.ConfigurationPropertySourcesPropertySource
16:00:51.711 [restartedMain] INFO  c.u.j.EncryptablePropertySourceConverter - Skipping PropertySource servletConfigInitParams [class org.springframework.core.env.PropertySource$StubPropertySource
16:00:51.711 [restartedMain] INFO  c.u.j.EncryptablePropertySourceConverter - Converting PropertySource servletContextInitParams [org.springframework.web.context.support.ServletContextPropertySource] to EncryptableEnumerablePropertySourceWrapper
16:00:51.711 [restartedMain] INFO  o.s.m.s.b.SimpleBrokerMessageHandler - Starting...
16:00:51.711 [restartedMain] INFO  o.s.m.s.b.SimpleBrokerMessageHandler - BrokerAvailabilityEvent[available=true, SimpleBrokerMessageHandler [org.springframework.messaging.simp.broker.DefaultSubscriptionRegistry@69d333f5]]
16:00:51.711 [restartedMain] INFO  o.s.m.s.b.SimpleBrokerMessageHandler - Started.
16:00:51.713 [restartedMain] INFO  c.j.p.PlendarApplication - Started PlendarApplication in 0.655 seconds (JVM running for 4548.737)
16:00:51.715 [restartedMain] INFO  o.s.b.d.a.ConditionEvaluationDeltaLoggingListener - Condition evaluation unchanged
